[ 1033.897] -0.349539 -0.023002 0.051120 0.935244 0.117988 -0.000794 1.008362 0.001065 0.012783 0.005326
[ 1033.936] -0.349665 -0.023172 0.051968 0.935145 0.115425 -0.004578 0.992492 0.001065 -0.002131 0.006392
[ 1033.976] -0.349729 -0.023888 0.051308 0.935140 0.115791 -0.003357 0.998108 0.000000 0.003196 0.005326
[ 1034.017] -0.349824 -0.024114 0.052386 0.935039 0.116889 -0.004944 0.992492 0.001065 -0.001065 0.006392
[ 1034.057] -0.349921 -0.024289 0.051752 0.935033 0.116767 -0.003601 0.995300 0.000000 0.000000 0.005326
[ 1034.096] -0.350040 -0.023965 0.051395 0.935017 0.117012 -0.003235 0.996032 0.000000 0.000000 0.005326
[ 1034.137] -0.350179 -0.023299 0.051730 0.934963 0.116401 -0.004334 0.996155 0.001065 0.000000 0.005326
[ 1034.177] -0.350302 -0.022883 0.051476 0.934941 0.115058 -0.004334 0.993347 0.000000 0.000000 0.005326
[ 1034.217] -0.350328 -0.024117 0.052306 0.934854 0.117134 -0.004700 0.995300 0.000000 0.001065 0.005326
[ 1034.257] -0.350432 -0.023472 0.051148 0.934896 0.115180 -0.003845 0.993957 0.001065 0.003196 0.003196
[ 1034.297] -0.350508 -0.023435 0.051534 0.934847 0.116035 -0.003235 0.992736 0.000000 0.001065 0.005326
[ 1034.337] -0.350363 -0.027514 0.050619 0.934840 0.113349 0.018373 0.991638 -0.001065 0.021306 -0.004261
[ 1034.377] -0.348602 -0.031004 0.048565 0.935498 0.113838 -0.067814 0.995788 0.009588 0.002131 -0.144878
[ 1034.417] -0.348494 -0.025099 0.050919 0.935590 0.120918 -0.035830 1.017274 0.249276 -0.013849 0.044742
[ 1034.457] -0.351983 -0.033344 0.052706 0.933926 0.162180 0.019105 1.132027 0.340890 0.268451 0.193881
[ 1034.496] -0.355764 -0.032620 0.039165 0.933185 0.068547 0.005432 1.152658 0.451679 0.549685 0.104398
[ 1034.537] -0.358304 -0.034694 0.029606 0.932490 0.120063 0.031313 1.041323 0.449548 0.399480 0.095875
[ 1034.577] -0.360872 -0.037298 0.024755 0.931541 0.006409 -0.025209 1.007874 0.357934 0.056460 0.090549
[ 1034.617] -0.364048 -0.033943 0.015386 0.930634 0.058536 0.041812 0.985656 0.164053 0.504943 0.186424
[ 1034.658] -0.362415 -0.042135 0.001215 0.931063 0.092840 0.121162 1.059269 0.474050 0.831984 -0.284430
[ 1034.697] -0.360908 -0.043978 -0.012496 0.931480 -0.052799 0.043643 1.022768 0.332368 0.498551 -0.043677
[ 1034.737] -0.359948 -0.039563 -0.019945 0.931920 0.052799 0.065373 1.009827 0.141682 0.295083 0.059656
[ 1034.778] -0.366931 -0.045495 -0.023570 0.928836 0.060245 0.109199 1.086980 0.257798 0.679649 0.563533
[ 1034.817] -0.376856 -0.036612 -0.037863 0.924773 -0.120796 0.003968 0.973570 -0.063917 0.680714 0.286561
[ 1034.857] -0.378878 -0.029234 -0.045157 0.923882 -0.028505 0.110541 1.018129 -0.100136 0.117181 0.103332
[ 1034.897] -0.386773 -0.030731 -0.037182 0.920912 -0.026918 0.052799 1.023256 -0.189620 -0.085222 0.660474
[ 1034.938] -0.397110 -0.019372 -0.037193 0.916812 -0.059635 0.052921 0.968077 -0.264190 0.159792 0.403741
[ 1034.978] -0.402798 -0.014746 -0.036538 0.914440 -0.037417 0.042178 0.924983 -0.247145 0.106528 0.361130
[ 1035.017] -0.416935 -0.014322 -0.031282 0.908285 -0.043765 0.104560 1.021669 -0.263124 0.125703 0.986450
[ 1035.058] -0.429635 -0.007911 -0.041482 0.902015 -0.131050 0.096380 0.908503 -0.350477 0.555011 0.383501
[ 1035.098] -0.431507 -0.003886 -0.053332 0.900523 -0.106391 0.066349 0.922420 -0.168314 0.142748 -0.011718
[ 1035.137] -0.436647 -0.003101 -0.051724 0.898139 -0.096991 0.076115 0.970884 -0.680714 -0.083092 0.529445
[ 1035.177] -0.448790 0.008092 -0.048875 0.892263 -0.144479 0.108222 0.944149 -1.012017 -0.061786 0.623189
[ 1035.218] -0.460226 0.018941 -0.046796 0.886365 -0.098089 0.043399 0.982238 -0.824527 -0.017044 0.572056
[ 1035.257] -0.472200 0.028427 -0.042178 0.880023 -0.119087 0.006043 0.959165 -1.090847 -0.100136 0.621059
[ 1035.297] -0.480731 0.048094 -0.046241 0.874326 -0.137765 -0.020448 0.911555 -0.704151 0.461267 0.209860
[ 1035.338] -0.480986 0.065991 -0.047804 0.872934 -0.095770 -0.141671 0.999817 -0.672192 0.707346 -0.041546
[ 1035.378] -0.478828 0.092075 -0.036965 0.872284 -0.114570 -0.207349 0.970396 -1.473283 0.109724 -0.090549
[ 1035.417] -0.478613 0.126489 -0.010326 0.868806 -0.110663 -0.222365 1.037173 -2.144410 -0.274842 0.002131
[ 1035.458] -0.480444 0.165895 0.027149 0.860765 -0.138131 -0.346029 1.055973 -2.964676 -0.515596 0.144878
[ 1035.498] -0.482685 0.221765 0.060810 0.845067 -0.135323 -0.435024 0.942929 -3.737005 -0.464462 0.038350
[ 1035.537] -0.481105 0.276488 0.102662 0.825562 -0.127876 -0.436123 0.844412 -3.798791 -0.610406 0.014914
[ 1035.578] -0.474904 0.320172 0.143764 0.807024 -0.059635 -0.648904 0.794726 -3.278934 -0.474050 -0.177902
[ 1035.618] -0.462130 0.370486 0.191307 0.782673 -0.049991 -0.793811 0.718183 -4.168443 -0.547554 -0.116116
[ 1035.659] -0.447265 0.435167 0.238600 0.744079 -0.091131 -0.829457 0.506989 -4.931184 -0.500682 -0.206664
[ 1035.698] -0.419509 0.501313 0.288704 0.699533 -0.015687 -0.933956 0.355002 -4.953555 -0.165119 -0.503878
[ 1035.738] -0.381157 0.571641 0.338588 0.642887 0.004700 -0.926143 0.174571 -6.463058 -0.011718 0.013849
[ 1035.779] -0.333098 0.654051 0.385739 0.558989 -0.061954 -0.790026 -0.212782 -6.419382 0.133160 -0.021306
[ 1035.818] -0.278496 0.711828 0.426646 0.483440 0.017274 -0.827260 -0.378319 -5.081389 0.161923 -0.712673
[ 1035.858] -0.222923 0.754101 0.464201 0.407621 0.044497 -0.763657 -0.624062 -5.071801 -0.030893 -0.580578
[ 1035.899] -0.172370 0.786896 0.492779 0.329017 0.016297 -0.603858 -0.768235 -4.493354 0.054329 -0.443157
[ 1035.938] -0.126348 0.805424 0.512047 0.270438 0.104071 -0.630837 -0.753342 -3.714634 0.094810 -0.383501
[ 1035.978] -0.065726 0.831547 0.522526 0.176568 0.173167 -0.371910 -0.669474 -8.517984 -0.051133 0.724391
[ 1036.019] 0.042801 0.858822 0.510482 -0.000625 -0.022157 0.307941 -1.137398 -9.896458 0.320649 0.551815
[ 1036.058] 0.117206 0.850741 0.499883 -0.112342 0.134835 0.227126 -1.140817 -4.513594 0.319584 0.011718
[ 1036.098] 0.155860 0.842823 0.488396 -0.163786 0.131417 0.288409 -0.851126 -3.595322 0.334498 0.133160
[ 1036.139] 0.197351 0.828974 0.469028 -0.232093 0.055484 0.490081 -0.591101 -4.897095 0.026632 0.429308
[ 1036.179] 0.257899 0.794294 0.443103 -0.325951 0.104682 0.698590 -0.575963 -5.992204 0.772328 -0.182163
[ 1036.218] 0.315115 0.750378 0.414878 -0.406831 0.224440 0.853263 -0.475859 -5.243311 0.053264 -0.033024
[ 1036.259] 0.365924 0.707718 0.360835 -0.484802 0.139352 1.143930 -0.120247 -5.847326 0.070309 2.066644
[ 1036.299] 0.419607 0.641274 0.309600 -0.562890 0.094671 1.316548 0.140023 -6.842298 0.469789 -0.536901
[ 1036.338] 0.450826 0.538079 0.260287 -0.662931 0.178295 1.143808 0.094732 -7.266280 0.367522 -1.139850
[ 1036.379] 0.468999 0.456880 0.218413 -0.723600 0.170726 0.773424 0.407007 -4.800155 0.142748 -0.308931
[ 1036.419] 0.490044 0.394393 0.174728 -0.757484 0.086736 0.635720 0.578893 -3.424877 0.217317 0.372848
[ 1036.458] 0.515195 0.340322 0.144106 -0.773297 0.057926 0.680523 0.755661 -2.984916 0.507074 1.181396
[ 1036.499] 0.542129 0.290181 0.119145 -0.779549 0.133980 0.660136 0.743087 -3.106359 0.633842 0.938512
[ 1036.539] 0.561607 0.251766 0.097872 -0.782070 0.209058 0.703839 0.797046 -1.970769 0.441026 0.637038
[ 1036.578] 0.573499 0.228813 0.076432 -0.782880 0.160471 0.524995 0.898859 -1.978226 -0.138486 0.562468
[ 1036.619] 0.579397 0.202940 0.055650 -0.787412 0.063541 0.360557 1.135812 -1.659707 0.022371 0.080961
[ 1036.659] 0.583950 0.154482 0.016768 -0.796779 0.156565 0.327962 1.031313 -3.047768 -0.040481 0.253537
[ 1036.699] 0.584864 0.103874 -0.021749 -0.804159 0.192944 0.235305 0.789721 -3.364156 -0.257798 0.068178
[ 1036.739] 0.582701 0.079477 -0.042342 -0.807682 0.138986 0.054630 0.910456 -1.021604 0.102267 -0.046872
[ 1036.779] 0.583975 0.063257 -0.039315 -0.808348 0.156076 0.050845 1.016175 -0.387762 0.955557 0.167249
[ 1036.819] 0.589007 0.036754 -0.024457 -0.806921 0.105170 0.018983 1.022401 -0.920403 1.831218 0.224774
[ 1036.859] 0.588673 -0.001496 -0.015573 -0.808220 0.027284 -0.044497 0.902521 -1.076999 1.657577 -0.136356
[ 1036.899] 0.585733 -0.037045 -0.001629 -0.809655 -0.025942 -0.089666 0.991027 -0.656213 1.273010 -0.070309
[ 1036.939] 0.581405 -0.067673 0.004616 -0.810782 -0.076115 -0.112373 0.994934 -0.886314 0.977928 -0.287626
[ 1036.979] 0.573473 -0.092878 -0.004893 -0.813928 -0.087835 -0.161448 0.961240 -1.149438 0.422916 -0.444222
[ 1037.020] 0.567044 -0.105450 -0.009062 -0.816860 -0.122017 -0.132760 0.965269 -0.780851 0.267385 -0.329172
[ 1037.060] 0.561738 -0.111423 -0.006377 -0.819753 -0.112739 -0.195019 0.992248 -0.480442 0.185359 -0.298279
[ 1037.099] 0.557748 -0.111917 -0.014820 -0.822297 -0.090521 -0.199536 0.938656 -0.150205 -0.020240 -0.140617
[ 1037.139] 0.557102 -0.113296 -0.010364 -0.822614 -0.128487 -0.207837 1.019105 0.117181 -0.011718 -0.008522
[ 1037.180] 0.558110 -0.110132 -0.003082 -0.822420 -0.127510 -0.188793 0.997253 0.023436 -0.044742 0.002131
[ 1037.219] 0.558039 -0.109054 -0.001366 -0.822616 -0.116157 -0.192334 0.963560 0.208795 -0.047938 -0.014914
[ 1037.259] 0.557946 -0.110843 0.000030 -0.822441 -0.129463 -0.196362 0.992248 0.174706 0.010653 0.041546
[ 1037.300] 0.558257 -0.110311 0.001355 -0.822301 -0.120186 -0.188305 0.954404 0.061786 0.006392 0.006392
[ 1037.340] 0.558739 -0.101744 0.003421 -0.823072 -0.115180 -0.167918 0.951840 0.198142 -0.020240 0.006392
[ 1037.379] 0.558679 -0.095401 0.006547 -0.823853 -0.111884 -0.159006 0.960996 0.525183 -0.009588 -0.003196
[ 1037.419] 0.558626 -0.086289 0.017356 -0.824736 -0.118843 -0.133248 0.955258 0.843702 0.020240 -0.010653
[ 1037.460] 0.557515 -0.062792 0.027358 -0.827336 -0.102728 -0.089910 0.923152 1.758778 0.052199 -0.015979
[ 1037.500] 0.556028 -0.017754 0.059039 -0.828874 -0.105902 0.047183 0.881890 3.341785 0.134225 0.072439
[ 1037.539] 0.550294 0.059090 0.117896 -0.824491 -0.131905 0.224318 0.940243 5.179395 0.340890 0.126768
[ 1037.580] 0.535242 0.150197 0.187151 -0.809896 -0.149484 0.446011 0.944394 5.569287 0.263124 0.080961
[ 1037.620] 0.509395 0.242834 0.258456 -0.784059 -0.160960 0.643777 0.768113 6.171171 0.312127 -0.109724
[ 1037.660] 0.473630 0.328841 0.327750 -0.748410 -0.186474 0.813709 0.713545 6.084883 0.629581 -0.243949
[ 1037.699] 0.431105 0.402186 0.391904 -0.706262 -0.209669 0.941769 0.393823 5.786605 0.651952 -0.590165
[ 1037.740] 0.372164 0.478062 0.459390 -0.649547 -0.258378 1.025392 0.174937 6.515257 0.443157 -0.672192
[ 1037.780] 0.308941 0.546277 0.511135 -0.587263 -0.234084 0.987426 0.068730 6.048664 0.377109 -0.486833
[ 1037.820] 0.258298 0.597624 0.539594 -0.533822 -0.258622 0.962766 -0.223524 4.290951 -0.336629 -0.020240
[ 1037.860] 0.208158 0.642762 0.550128 -0.490801 -0.307941 0.946652 -0.409083 4.350606 -0.609341 0.336629
[ 1037.900] 0.159925 0.691537 0.560460 -0.426715 -0.249832 0.780382 -0.555088 4.936511 0.457005 0.638103
[ 1037.940] 0.135512 0.731536 0.565976 -0.355193 -0.205884 0.730086 -0.781786 3.044572 0.882052 0.844768
[ 1037.981] 0.103913 0.765644 0.584703 -0.247212 -0.089788 0.490692 -0.925960 6.605805 1.634141 0.148074
[ 1038.020] 0.038631 0.795421 0.590124 -0.132540 -0.067814 0.249954 -0.981383 5.928287 0.135291 0.628516
[ 1038.060] -0.011244 0.812525 0.580019 -0.057045 -0.093817 0.178050 -0.998352 3.907449 -0.083092 0.639168
[ 1038.101] -0.059200 0.821265 0.567136 0.019365 -0.053287 0.013734 -1.148874 6.461993 0.317454 0.535836
[ 1038.140] -0.153957 0.810359 0.533564 0.186883 -0.087591 -0.046329 -1.225661 13.687792 1.025865 0.628516
[ 1038.180] -0.297947 0.733910 0.457873 0.403679 -0.186962 -0.694073 -0.198010 11.904511 -0.839441 0.593361
[ 1038.221] -0.379777 0.652810 0.392808 0.524701 -0.087835 -0.987426 0.060428 6.577043 0.560338 0.184294
[ 1038.260] -0.406692 0.609800 0.337364 0.590705 -0.183910 -1.065922 -0.064701 4.301603 1.351841 0.101202
[ 1038.300] -0.423679 0.559348 0.280912 0.654763 -0.096258 -0.943722 0.072270 5.998596 1.052497 -0.011718
[ 1038.341] -0.439605 0.481562 0.208914 0.728836 -0.151560 -0.700055 0.298358 6.738966 1.132393 -0.509204
[ 1038.380] -0.444245 0.404204 0.154568 0.784458 -0.104071 -0.719954 0.546664 4.181227 0.273777 -0.774459
[ 1038.420] -0.442665 0.327714 0.114893 0.826711 -0.145578 -0.577977 0.578526 5.261421 0.211991 -0.929990
[ 1038.461] -0.437090 0.251433 0.073280 0.860444 -0.073186 -0.527193 0.789477 4.198271 0.056460 -0.431439
[ 1038.500] -0.438891 0.183406 0.049149 0.878249 -0.069890 -0.331136 0.982726 3.037115 -0.406937 -0.346216
[ 1038.541] -0.433631 0.130240 0.027770 0.891196 -0.046695 -0.236892 1.014100 2.133757 0.563533 -0.392023
[ 1038.581] -0.424335 0.116518 0.008526 0.897937 -0.063786 -0.319294 0.937801 0.582709 0.497486 -0.370718
[ 1038.620] -0.420816 0.116253 0.007262 0.899637 -0.037661 -0.287798 1.175487 0.116116 0.369652 0.059656
[ 1038.661] -0.422036 0.126517 0.002403 0.897704 -0.122017 -0.258133 0.928401 -0.281234 0.748892 0.460201
[ 1038.701] -0.424514 0.135884 -0.011331 0.895095 -0.162547 -0.337118 0.987975 0.432504 0.521988 0.157662
[ 1038.741] -0.425154 0.138461 -0.025043 0.894117 -0.170848 -0.226149 0.970518 0.272712 0.459136 0.061786
[ 1038.781] -0.420957 0.133855 -0.032671 0.896555 -0.146310 -0.273149 0.973326 0.158727 0.264190 -0.177902
[ 1038.821] -0.420925 0.138684 -0.028184 0.895988 -0.146188 -0.248978 0.954648 -0.209860 0.132095 0.278038
[ 1038.861] -0.426588 0.149231 -0.030759 0.891520 -0.208448 -0.224928 0.918635 -0.128899 0.200273 0.350477
[ 1038.901] -0.429299 0.149865 -0.038649 0.889803 -0.195141 -0.252396 0.963682 -0.387762 0.397350 0.041546
[ 1038.941] -0.428872 0.164903 -0.041611 0.887211 -0.215895 -0.264359 0.874687 -0.011718 0.150205 0.121442
[ 1038.981] -0.430369 0.161912 -0.043941 0.886925 -0.214552 -0.274614 0.958310 0.240753 0.249276 0.187489
[ 1039.021] -0.434318 0.163324 -0.056874 0.884001 -0.264604 -0.184643 0.992248 0.025567 0.607210 0.174706
[ 1039.062] -0.430657 0.167737 -0.071059 0.883940 -0.248856 -0.236037 0.913630 -0.043677 1.000299 -0.207730
[ 1039.101] -0.424579 0.170244 -0.104005 0.883138 -0.310871 -0.199048 0.885186 0.717999 1.770496 0.090549
[ 1039.141] -0.419830 0.170104 -0.156512 0.877674 -0.401575 -0.180980 0.864677 1.397648 2.955089 0.584839
[ 1039.181] -0.410130 0.177539 -0.223719 0.866154 -0.565403 -0.173167 0.946469 1.150503 3.121272 0.352608
[ 1039.222] -0.400405 0.184320 -0.270144 0.855993 -0.537203 -0.122627 0.775072 0.747827 2.270113 0.328106
[ 1039.261] -0.399228 0.182360 -0.301129 0.846571 -0.646585 -0.047183 0.755539 0.545424 1.114284 0.591231
[ 1039.301] -0.405641 0.173332 -0.322632 0.837448 -0.726790 -0.034121 0.726607 0.403741 0.142748 0.631711
[ 1039.341] -0.414783 0.162736 -0.314956 0.838018 -0.601782 -0.023622 0.750046 -0.051133 -1.280467 0.438896
[ 1039.382] -0.433356 0.140128 -0.272287 0.847600 -0.600562 0.016175 0.811451 -0.526249 -3.058421 0.383501
[ 1039.422] -0.451489 0.112020 -0.202056 0.861848 -0.418055 -0.032656 0.870659 -0.303605 -4.421980 0.340890
[ 1039.461] -0.467426 0.067417 -0.109969 0.874571 -0.268022 -0.037051 0.947690 -0.037285 -5.143175 0.321715
[ 1039.502] -0.477286 0.023801 -0.012960 0.878330 -0.076115 -0.056095 0.992248 -0.137421 -5.266748 0.229035
[ 1039.542] -0.480578 -0.022218 0.070449 0.873835 0.110419 -0.037295 0.990905 0.094810 -4.934380 0.002131
[ 1039.581] -0.478781 -0.067920 0.146805 0.862905 0.294146 -0.027773 0.944272 0.243949 -4.201467 0.136356
[ 1039.621] -0.477351 -0.106066 0.205177 0.847814 0.435024 -0.031679 0.945981 -0.038350 -3.202234 0.299344
[ 1039.662] -0.476499 -0.126244 0.240065 0.836290 0.491424 0.011048 0.869560 -0.039415 -1.660773 0.193881
[ 1039.702] -0.474618 -0.133931 0.242303 0.835518 0.519502 -0.012025 0.908503 0.095875 0.257798 -0.200273
[ 1039.742] -0.474339 -0.118287 0.213681 0.845785 0.474089 -0.013123 0.907770 -0.127834 2.198739 -0.208795
[ 1039.782] -0.476477 -0.080212 0.152632 0.862113 0.361167 -0.055851 0.989318 -0.213056 4.184422 -0.260994
[ 1039.822] -0.475474 -0.021268 0.077728 0.876031 0.222609 -0.084783 0.992492 -0.589100 5.208158 -0.236492
[ 1039.862] -0.470578 0.039080 -0.007661 0.881459 -0.009583 -0.055118 0.928035 -0.459136 5.840934 -0.045807
[ 1039.902] -0.462937 0.102404 -0.115025 0.872910 -0.239089 -0.081243 0.960020 -0.366457 6.387423 0.191751
[ 1039.942] -0.449635 0.161167 -0.197233 0.856126 -0.430019 -0.126656 0.878716 -0.524118 4.717063 0.006392
[ 1039.982] -0.437418 0.203214 -0.255277 0.837976 -0.525850 -0.110175 0.729171 -0.210926 3.501578 0.235427
[ 1040.022] -0.435034 0.217015 -0.305824 0.818610 -0.661478 -0.043399 0.704877 0.252472 2.021903 0.537967
[ 1040.062] -0.439762 0.210230 -0.332752 0.807273 -0.770494 -0.015077 0.711469 0.484703 0.248210 0.555011
[ 1040.102] -0.448337 0.192072 -0.331710 0.807509 -0.725813 -0.012879 0.729171 0.276973 -1.412562 0.349412
[ 1040.142] -0.464117 0.158738 -0.293430 0.820546 -0.629250 0.024232 0.786059 0.062852 -3.204364 0.302540
[ 1040.182] -0.478064 0.121178 -0.221734 0.841192 -0.509125 -0.032290 0.875908 -0.117181 -4.509333 0.007457
[ 1040.222] -0.485499 0.083830 -0.132347 0.860086 -0.319172 -0.042178 0.921443 -0.242884 -5.068605 -0.256733
[ 1040.263] -0.488282 0.038065 -0.037156 0.871063 -0.099066 -0.066960 0.985168 0.051133 -4.940772 -0.157662
[ 1040.302] -0.489346 -0.005405 0.044069 0.870959 0.058292 -0.058903 1.012879 0.307866 -4.296277 -0.030893
[ 1040.342] -0.488965 -0.040819 0.099756 0.865619 0.184887 -0.020692 1.000427 0.162988 -3.040311 0.027697
[ 1040.383] -0.486254 -0.073522 0.130936 0.860818 0.277300 0.007752 0.972227 0.464462 -1.965443 -0.144878
[ 1040.422] -0.483355 -0.093788 0.140987 0.858891 0.330648 0.016542 0.980651 0.278038 -0.659409 -0.046872
[ 1040.462] -0.483851 -0.091535 0.130578 0.860500 0.302570 0.018373 0.962949 -0.019175 0.721195 -0.042611
[ 1040.503] -0.484108 -0.071401 0.098497 0.866510 0.232741 0.004944 0.978942 -0.055395 2.240285 -0.237558
[ 1040.542] -0.481291 -0.033837 0.048234 0.874579 0.142282 -0.004944 0.967100 -0.204534 3.589996 -0.378175
[ 1040.582] -0.473849 0.007643 -0.007420 0.880542 0.018739 -0.030825 1.004090 -0.426112 3.783877 -0.462332
[ 1040.623] -0.465397 0.051965 -0.057880 0.881678 -0.129830 -0.043399 0.971495 -0.679649 3.213952 -0.225840
[ 1040.663] -0.460945 0.080829 -0.090494 0.879095 -0.184887 -0.033022 0.943417 -0.496421 1.753452 -0.027697
[ 1040.702] -0.461205 0.084043 -0.105464 0.876986 -0.257767 -0.011536 0.972838 0.004261 0.251406 0.056460
[ 1040.743] -0.463370 0.072853 -0.102595 0.877186 -0.246658 -0.026918 0.953672 0.029828 -0.840506 0.022371
[ 1040.783] -0.465341 0.059745 -0.081569 0.879337 -0.203321 -0.041201 0.966734 0.140617 -1.627749 -0.002131
[ 1040.822] -0.465683 0.047594 -0.050851 0.882206 -0.156199 -0.060123 1.011048 0.087353 -1.829087 -0.113985
[ 1040.863] -0.464129 0.038194 -0.020158 0.884714 -0.074040 -0.073064 1.019716 0.009588 -1.337993 -0.166184
[ 1040.903] -0.461969 0.032467 -0.002461 0.886298 -0.035342 -0.066838 1.021913 -0.090549 -0.572056 -0.155531
[ 1040.943] -0.459296 0.025559 -0.000435 0.887916 -0.016419 -0.044742 1.005799 -0.075635 0.069243 -0.213056
[ 1040.983] -0.453100 0.020596 -0.010407 0.891161 -0.032778 -0.033632 0.984191 0.181098 0.470854 -0.493225
[ 1041.023] -0.438466 0.026444 -0.022232 0.898084 -0.062565 -0.052799 1.013001 0.189620 0.596557 -1.048236
[ 1041.063] -0.412599 0.029753 -0.040072 0.909545 -0.112617 -0.015809 0.919001 0.296148 0.517726 -1.808847
[ 1041.104] -0.365552 0.011799 -0.056117 0.929023 -0.104682 0.005799 0.926814 1.593660 -0.218383 -3.179863
[ 1041.143] -0.299376 -0.004585 -0.045027 0.953061 -0.034121 0.036562 1.157908 -0.362195 -0.384566 -3.413159
[ 1041.183] -0.235560 0.006431 -0.030500 0.971360 0.032045 0.015443 0.992736 -0.353673 -0.056460 -3.195842
[ 1041.223] -0.177472 0.002558 -0.018370 0.983951 0.004822 -0.048282 0.966490 0.592296 -0.401611 -2.800623
[ 1041.264] -0.128806 -0.002018 -0.010017 0.991617 -0.039248 0.007142 1.070744 -0.010653 -0.287626 -2.085819
[ 1041.303] -0.097003 0.002851 0.000198 0.995280 0.020448 -0.030580 0.958677 -0.325976 -0.528379 -1.201637
[ 1041.343] -0.087008 0.011566 0.018097 0.995976 0.053165 -0.064884 1.087225 -0.396284 -0.418655 0.134225
[ 1041.383] -0.109934 0.027077 0.026163 0.993226 0.017762 -0.069279 1.006287 -0.532640 -0.296148 1.914309
[ 1041.424] -0.162356 0.030332 0.023274 0.985991 0.052677 -0.098822 0.993225 0.331302 -0.210926 3.121272
[ 1041.463] -0.246879 0.041786 0.032571 0.967597 -0.019960 -0.205152 1.097357 -1.591529 -0.462332 4.906683
[ 1041.503] -0.344669 0.088374 0.054396 0.932971 -0.016175 -0.043765 0.765183 -2.299941 -1.295381 5.383929
[ 1041.544] -0.434786 0.072799 0.064963 0.895232 0.043765 -0.100165 0.874321 2.151867 -1.392322 4.283494
[ 1041.584] -0.514539 0.034261 0.061286 0.854587 0.107856 -0.155588 1.140695 0.532640 -0.556077 4.663799
[ 1041.623] -0.589458 0.037523 0.055259 0.805033 -0.052188 -0.062077 0.924373 0.511335 -0.291887 3.852055
[ 1041.663] -0.640433 0.016324 0.034702 0.767056 0.049014 -0.084539 1.039126 1.310295 -0.037285 2.715400
[ 1041.704] -0.670714 0.001821 0.014696 0.741568 -0.000061 0.003479 1.056705 0.682845 0.341955 1.220812
[ 1041.744] -0.669506 0.001779 -0.005045 0.742787 -0.018495 -0.047305 1.047305 0.616798 0.527314 -1.074868
[ 1041.783] -0.636170 0.009153 -0.016171 0.771325 -0.013245 -0.013490 1.036562 0.317454 0.752088 -3.028593
[ 1041.824] -0.572061 0.007456 -0.031270 0.819581 -0.040713 0.034365 0.893853 0.568860 0.605079 -4.670190
[ 1041.864] -0.485216 -0.010040 -0.040476 0.873399 0.038271 -0.073308 0.907526 1.709776 -0.214121 -5.154893
[ 1041.904] -0.400482 -0.024163 -0.036503 0.915259 0.027162 -0.066716 1.049380 0.145943 -0.303605 -4.391087
[ 1041.943] -0.322663 -0.016068 -0.035754 0.945702 -0.010193 0.111884 1.079656 -0.418655 0.665800 -3.914907
[ 1041.984] -0.259854 -0.018079 -0.042832 0.964528 0.002991 0.060245 0.964170 0.482572 0.281234 -2.776121
[ 1042.024] -0.221953 -0.021458 -0.032885 0.974266 -0.002258 0.015809 1.033022 -0.205599 -0.549685 -1.248509
[ 1042.064] -0.216940 -0.011684 -0.010152 0.976062 0.012879 -0.038638 1.109321 -0.728652 -0.659409 0.569925
[ 1042.104] -0.247552 0.014635 0.005323 0.968749 -0.025331 -0.098456 1.036196 -1.441325 -0.640234 2.278636
[ 1042.144] -0.304952 0.039327 0.026037 0.951199 -0.071354 -0.020814 0.956235 -1.388061 -1.194180 3.223539
[ 1042.184] -0.366122 0.049303 0.048014 0.928019 0.029604 -0.099554 1.079534 -1.270880 -1.285794 3.357765
[ 1042.224] -0.438053 0.084040 0.067759 0.892443 -0.124458 -0.137765 0.912653 -2.494887 -0.262059 4.280298
[ 1042.264] -0.486799 0.110445 0.061414 0.864324 -0.042788 -0.215040 0.836477 0.089484 0.245015 1.917505
[ 1042.304] -0.514153 0.103863 0.044281 0.850234 -0.029970 -0.214308 0.976744 0.485768 0.170445 1.352906
[ 1042.344] -0.533131 0.100889 0.023777 0.839659 -0.085271 -0.253983 0.978087 0.934251 0.518792 0.905489
[ 1042.384] -0.545597 0.092465 -0.000191 0.832931 -0.103095 -0.169261 1.010926 1.206963 0.649821 0.675388
[ 1042.424] -0.550902 0.075865 -0.030018 0.830572 -0.123115 -0.107001 0.983947 1.216551 1.085521 0.225840
[ 1042.465] -0.547720 0.054566 -0.071905 0.831778 -0.164988 -0.024965 0.962583 2.033621 1.310295 -0.185359
[ 1042.504] -0.537199 0.035656 -0.118476 0.834332 -0.194531 0.007874 0.987243 2.269048 1.970769 -0.278038
[ 1042.545] -0.526137 0.010930 -0.176174 0.831879 -0.262894 0.158030 0.925960 3.269346 2.100734 -0.122507
[ 1042.585] -0.509950 -0.032435 -0.243172 0.824479 -0.354575 0.292071 0.969908 3.745527 1.929223 -0.128899
[ 1042.624] -0.491004 -0.082767 -0.304333 0.812063 -0.405848 0.434414 0.901178 4.121571 1.459435 -0.017044
[ 1042.665] -0.465892 -0.135247 -0.358771 0.797456 -0.433071 0.496063 0.764207 4.204663 1.002429 -0.095875
[ 1042.705] -0.430652 -0.188946 -0.406901 0.783116 -0.465788 0.599951 0.683269 4.167378 0.528379 -0.514531
[ 1042.744] -0.391537 -0.235062 -0.437685 0.774517 -0.491546 0.705426 0.611610 3.353504 -0.113985 -0.800026
[ 1042.785] -0.351015 -0.277390 -0.452165 0.771615 -0.479949 0.748398 0.469389 2.847495 -0.890575 -0.811744
[ 1042.825] -0.310406 -0.324095 -0.442136 0.776613 -0.449063 0.731551 0.438259 2.266917 -2.355336 -0.474050
[ 1042.864] -0.271063 -0.363143 -0.407773 0.792700 -0.444790 0.752182 0.479521 1.448782 -3.009418 -0.247145
[ 1042.905] -0.234295 -0.391903 -0.361196 0.813053 -0.396814 0.763902 0.462797 0.802156 -3.505839 -0.159792
[ 1042.945] -0.206702 -0.405980 -0.296845 0.839249 -0.304889 0.739120 0.520906 -0.632777 -3.724221 0.299344
[ 1042.984] -0.195373 -0.396290 -0.221146 0.869413 -0.261185 0.719587 0.623573 -1.928158 -3.727417 0.925729
[ 1043.025] -0.193134 -0.370926 -0.136665 0.898018 -0.177562 0.672832 0.702558 -2.408600 -3.997998 1.357168
[ 1043.065] -0.198296 -0.332341 -0.044377 0.921010 -0.010071 0.631447 0.852957 -3.217148 -3.993737 1.850393
[ 1043.105] -0.212238 -0.280073 0.051824 0.934788 0.106269 0.498138 0.843191 -3.611302 -4.076829 2.390490
[ 1043.144] -0.232488 -0.232833 0.147814 0.932679 0.241409 0.404871 0.846853 -2.800623 -3.971366 2.644027
[ 1043.185] -0.255330 -0.191029 0.232628 0.918803 0.446133 0.234084 0.924617 -2.638700 -3.427008 2.583306
[ 1043.225] -0.279285 -0.137519 0.309097 0.898636 0.540743 0.098212 0.819142 -2.977459 -2.940175 2.884780
[ 1043.265] -0.307371 -0.085465 0.368995 0.872961 0.597510 0.012879 0.695477 -2.407534 -2.089015 2.992373
[ 1043.305] -0.341099 -0.038242 0.410911 0.844595 0.694439 -0.204419 0.678874 -2.119909 -1.529743 3.293848
[ 1043.345] -0.383421 0.022116 0.444636 0.809196 0.693097 -0.331502 0.607459 -2.332965 -1.084456 3.959648
[ 1043.385] -0.425791 0.084198 0.467505 0.770099 0.639504 -0.506073 0.532625 -1.999532 -0.302540 4.105592
[ 1043.426] -0.471414 0.147815 0.475563 0.727846 0.534884 -0.662455 0.521150 -1.744930 -0.002131 4.282428
[ 1043.465] -0.515296 0.228054 0.469363 0.679823 0.376061 -0.751572 0.422755 -2.214719 0.796830 4.400674
[ 1043.505] -0.546421 0.299342 0.452608 0.637938 0.238357 -0.788928 0.250137 -0.367522 1.393387 3.628346
[ 1043.545] -0.578449 0.324874 0.401310 0.631509 0.114082 -0.833974 0.385522 2.833647 1.947333 1.667164
[ 1043.586] -0.599545 0.313256 0.321359 0.662680 0.085027 -0.851187 0.651407 3.551646 3.079726 0.886314
[ 1043.625] -0.606862 0.320024 0.220597 0.693282 -0.048404 -0.754502 0.643716 3.978823 4.573250 1.236791
[ 1043.665] -0.607431 0.302558 0.080823 0.730037 -0.198682 -0.559421 0.898981 5.877153 4.251535 0.708412
[ 1043.706] -0.598144 0.279314 -0.010011 0.751071 -0.268022 -0.439785 0.884575 2.706878 2.427775 0.420786
[ 1043.746] -0.588745 0.256652 -0.071178 0.763179 -0.382531 -0.319172 0.893365 2.930587 1.885547 0.082027
[ 1043.785] -0.570040 0.218553 -0.136173 0.780222 -0.462125 -0.227614 0.921321 3.870165 1.676752 -0.459136
[ 1043.825] -0.544935 0.182061 -0.185621 0.797147 -0.510712 -0.141183 0.943173 2.793166 0.991776 -0.523053
[ 1043.866] -0.520902 0.149578 -0.223847 0.810050 -0.521577 -0.017518 0.839529 2.762273 0.589100 -0.858616
[ 1043.906] -0.487213 0.111916 -0.260676 0.825921 -0.504486 0.051822 0.768113 3.282130 0.119311 -1.015213
[ 1043.945] -0.453665 0.063677 -0.280082 0.843616 -0.498260 0.105048 0.836721 2.642962 -1.009886 -0.976862
[ 1043.985] -0.429777 0.031418 -0.272024 0.860411 -0.530245 0.162424 0.844656 1.341188 -1.356102 -0.708412
[ 1044.026] -0.415827 -0.000413 -0.254006 0.873252 -0.429286 0.193310 0.837209 0.941708 -1.753452 -0.312127
[ 1044.066] -0.412746 -0.018273 -0.221072 0.883422 -0.399988 0.180980 0.897516 -0.057525 -2.053861 0.294017
[ 1044.105] -0.419511 -0.027323 -0.187923 0.887665 -0.362144 0.184765 0.912653 -0.274842 -2.014446 0.512400
[ 1044.146] -0.427208 -0.038199 -0.157974 0.889426 -0.273759 0.191723 0.938290 -0.249276 -1.874894 0.444222
[ 1044.186] -0.433556 -0.042777 -0.130615 0.890583 -0.208692 0.188305 0.981749 -0.498551 -1.439194 0.410133
[ 1044.226] -0.439878 -0.046282 -0.113264 0.889684 -0.159617 0.183544 0.980529 -0.359000 -0.878857 0.290822
[ 1044.266] -0.445157 -0.054305 -0.090770 0.889183 -0.104315 0.172191 0.977599 -0.102267 -0.728652 0.235427
[ 1044.306] -0.448070 -0.062116 -0.077002 0.888507 -0.081731 0.174998 1.012513 -0.101202 -0.339825 0.100136
[ 1044.346] -0.449095 -0.059505 -0.071631 0.888618 -0.072575 0.164866 1.009827 -0.152335 -0.074570 0.024501
[ 1044.386] -0.449300 -0.061474 -0.065603 0.888846 -0.054019 0.154123 1.005188 -0.033024 0.019175 -0.053264
[ 1044.426] -0.449139 -0.060714 -0.059484 0.889410 -0.049136 0.154245 1.008973 -0.210926 0.033024 -0.033024
[ 1044.466] -0.448959 -0.050558 -0.060235 0.890085 -0.053897 0.138497 0.989807 -0.559272 0.023436 -0.018110
[ 1044.506] -0.449665 -0.048701 -0.053670 0.890252 -0.048282 0.123848 0.991760 -0.269516 -0.076700 0.007457
[ 1044.546] -0.450126 -0.040819 -0.053217 0.890443 -0.056949 0.112617 1.007142 -0.188555 -0.092679 0.044742
[ 1044.586] -0.451046 -0.042108 -0.048486 0.890188 -0.045718 0.108344 0.986388 -0.226905 -0.120377 0.033024
[ 1044.627] -0.452201 -0.033433 -0.043109 0.890246 -0.049991 0.088567 1.052188 -0.494290 -0.002131 0.106528
[ 1044.666] -0.455334 -0.020548 -0.035696 0.889368 -0.037661 0.068058 1.012513 -1.009886 0.112920 0.178967
[ 1044.706] -0.458618 -0.008875 -0.035377 0.887885 -0.066716 0.065861 0.911066 -0.536901 0.035154 0.021306
[ 1044.747] -0.456581 -0.011204 -0.032547 0.889016 -0.044253 0.026308 1.047549 0.105463 -0.152335 -0.127834
[ 1044.786] -0.453731 -0.004285 -0.034126 0.890475 -0.049014 0.028017 1.003601 -0.220513 0.034089 -0.230101
[ 1044.826] -0.450624 0.000323 -0.024134 0.892388 -0.032900 0.007630 0.982726 -0.287626 -0.015979 -0.117181
[ 1044.867] -0.449397 0.001204 -0.023800 0.893014 -0.042910 0.007996 1.002014 -0.094810 -0.070309 -0.079896
[ 1044.906] -0.447248 0.008671 -0.020513 0.894132 -0.042422 -0.010682 1.026674 -0.082027 -0.046872 -0.115050
[ 1044.947] -0.446011 0.016007 -0.023062 0.894587 -0.054508 -0.013734 0.975035 -0.257798 0.021306 -0.040481
[ 1044.987] -0.445622 0.012475 -0.026055 0.894755 -0.065373 -0.002014 0.975157 -0.009588 -0.054329 -0.052199
[ 1045.026] -0.444545 0.011041 -0.026546 0.895295 -0.060978 -0.007630 1.013368 -0.008522 -0.039415 -0.041546
[ 1045.067] -0.443606 0.017136 -0.025406 0.895698 -0.055118 -0.020326 0.990783 -0.057525 -0.024501 -0.037285
[ 1045.107] -0.443004 0.019902 -0.022009 0.896029 -0.054874 -0.029116 1.015809 0.061786 -0.028763 -0.045807
[ 1045.147] -0.442421 0.018000 -0.015954 0.896485 -0.033632 -0.026674 1.012269 -0.008522 -0.020240 -0.007457
[ 1045.186] -0.442860 0.014952 -0.018075 0.896284 -0.042544 -0.021058 0.987853 -0.021306 -0.028763 0.008522
[ 1045.227] -0.443014 0.014113 -0.013734 0.896299 -0.027284 -0.017396 1.015321 -0.001065 -0.089484 0.041546
[ 1045.267] -0.443936 0.005334 -0.015607 0.895907 -0.025331 -0.001282 1.008118 0.098006 -0.080961 0.011718
[ 1045.307] -0.444041 0.002176 -0.010324 0.895944 -0.018983 -0.007264 1.033144 -0.022371 -0.060721 0.010653
[ 1045.347] -0.444238 0.005951 -0.012372 0.895804 -0.025087 -0.011414 0.986755 0.013849 -0.020240 0.002131
[ 1045.387] -0.443993 0.009609 -0.013254 0.895881 -0.030214 -0.016664 1.000793 0.030893 -0.055395 -0.013849
[ 1045.427] -0.443957 0.007097 -0.011427 0.895947 -0.018129 -0.012513 0.995910 0.037285 -0.045807 0.019175
[ 1045.468] -0.444622 0.005798 -0.014540 0.895581 -0.027040 -0.007752 0.974303 0.033024 -0.072439 0.010653
[ 1045.507] -0.444539 -0.000143 -0.006914 0.895733 -0.007874 -0.003723 1.007752 0.082027 -0.085222 0.006392
[ 1045.547] -0.444435 0.004545 -0.006452 0.895776 -0.014832 -0.016664 0.990905 0.009588 -0.030893 -0.014914
[ 1045.587] -0.444298 0.003756 -0.010598 0.895809 -0.018129 -0.007386 0.996765 -0.003196 -0.026632 -0.002131
[ 1045.628] -0.444236 -0.000152 -0.011727 0.895833 -0.015199 0.003723 0.978942 -0.050068 -0.001065 -0.012783
[ 1045.667] -0.443635 0.002380 -0.011898 0.896125 -0.021425 -0.006897 1.012147 0.006392 -0.034089 -0.038350
[ 1045.707] -0.443349 0.000948 -0.008804 0.896306 -0.014710 -0.004578 1.033632 -0.052199 -0.031958 0.010653
[ 1045.748] -0.443394 0.005391 -0.014493 0.896193 -0.027651 -0.007508 0.997497 -0.008522 0.021306 -0.019175
[ 1045.788] -0.443302 0.003522 -0.012705 0.896275 -0.024110 -0.005432 1.027895 0.036220 -0.010653 0.015979
[ 1045.827] -0.443392 0.002953 -0.011733 0.896246 -0.018495 -0.006653 0.990539 0.024501 0.031958 -0.010653
[ 1045.867] -0.443514 0.003325 -0.008377 0.896222 -0.008362 -0.005432 1.019593 0.015979 -0.007457 0.026632
[ 1045.908] -0.443903 0.001954 -0.009981 0.896017 -0.007996 -0.004944 0.993225 -0.026632 0.019175 0.003196
[ 1045.948] -0.444193 0.001287 -0.011249 0.895860 -0.019960 -0.007630 1.007630 0.031958 -0.003196 -0.003196
[ 1045.987] -0.444283 0.000793 -0.010090 0.895829 -0.013612 -0.005310 1.003601 0.018110 0.037285 -0.008522
[ 1046.027] -0.444566 0.003495 -0.011189 0.895669 -0.019716 -0.007508 0.997864 0.017044 -0.012783 0.019175
[ 1046.068] -0.444860 0.004085 -0.007440 0.895560 -0.008484 -0.010560 0.995422 -0.057525 0.020240 0.011718
[ 1046.108] -0.445311 -0.001490 -0.008678 0.895333 -0.007752 -0.000671 0.998962 0.068178 0.003196 0.013849
[ 1046.147] -0.445565 -0.002024 -0.010819 0.895182 -0.009705 0.003113 0.983214 -0.039415 0.008522 -0.011718
[ 1046.188] -0.445572 0.002332 -0.010885 0.895177 -0.021303 -0.013245 0.999451 0.043677 -0.028763 -0.005326
[ 1046.228] -0.445502 0.003256 -0.011799 0.895197 -0.014832 -0.004944 0.999084 0.034089 0.001065 -0.019175
[ 1046.268] -0.445572 0.004447 -0.012626 0.895146 -0.026430 -0.011903 1.008240 -0.031958 0.018110 -0.002131
[ 1046.307] -0.445744 0.000985 -0.009022 0.895114 -0.011536 -0.003357 0.993225 0.025567 -0.038350 0.018110
[ 1046.348] -0.446025 0.000588 -0.009300 0.894972 -0.014222 -0.003601 1.013734 0.030893 -0.018110 0.009588
[ 1046.388] -0.446365 -0.001857 -0.008777 0.894806 -0.012757 0.001282 1.002991 0.006392 -0.002131 0.033024
[ 1046.428] -0.446605 -0.002309 -0.008866 0.894684 -0.011536 0.000671 0.996887 0.052199 -0.017044 0.001065
[ 1046.468] -0.446896 -0.004358 -0.009172 0.894529 -0.014100 0.002625 1.009705 0.049003 -0.025567 0.009588
[ 1046.508] -0.446799 0.000949 -0.010338 0.894574 -0.016786 -0.004212 1.001770 -0.056460 0.025567 -0.005326
[ 1046.548] -0.446975 0.001230 -0.009772 0.894492 -0.018129 -0.002258 1.000305 -0.033024 -0.014914 0.035154
[ 1046.588] -0.447150 0.000684 -0.009129 0.894412 -0.001648 -0.003479 0.994201 0.014914 -0.010653 0.010653
[ 1046.628] -0.447512 0.001467 -0.009969 0.894221 -0.014832 -0.008240 1.003479 -0.028763 -0.011718 -0.007457
[ 1046.668] -0.447997 -0.000683 -0.008018 0.893999 -0.011536 -0.001160 1.000671 -0.053264 -0.011718 0.056460
[ 1046.708] -0.448408 -0.002202 -0.009415 0.893777 -0.005799 -0.001770 0.994079 0.003196 0.007457 -0.020240
[ 1046.749] -0.448352 0.001759 -0.006138 0.893834 -0.009949 -0.008973 1.014955 0.033024 -0.027697 0.011718
[ 1046.788] -0.448480 0.001439 -0.008812 0.893748 -0.012147 -0.008973 0.999695 0.060721 0.002131 -0.013849
[ 1046.828] -0.448769 -0.002054 -0.007469 0.893614 -0.005799 0.001648 1.004700 0.037285 -0.024501 0.031958
[ 1046.869] -0.449151 -0.000914 -0.007563 0.893424 -0.004456 -0.007142 1.000916 -0.020240 -0.012783 0.008522
[ 1046.908] -0.449671 -0.001924 -0.007638 0.893160 -0.009339 -0.000549 1.010071 -0.035154 -0.009588 0.038350
[ 1046.949] -0.449994 0.001874 -0.007516 0.892998 -0.012147 -0.006531 0.984069 -0.075635 0.022371 0.022371
[ 1046.989] -0.450433 -0.002454 -0.006900 0.892780 -0.007142 0.000305 1.015931 0.027697 -0.039415 0.033024
[ 1047.028] -0.450671 0.000065 -0.007158 0.892662 -0.009949 -0.005066 1.003235 -0.034089 0.001065 -0.003196
[ 1047.069] -0.450601 -0.000401 -0.005770 0.892707 -0.007386 -0.005432 1.020082 -0.013849 0.008522 -0.002131
[ 1047.109] -0.450563 0.006634 -0.007205 0.892691 -0.015077 -0.016175 0.993469 -0.039415 0.019175 0.000000
[ 1047.148] -0.450877 0.000977 -0.008725 0.892543 -0.013368 -0.005432 1.010926 0.090549 -0.027697 0.008522
